{"D:\\ferna\\Documents\\Trabalhos\\test n3\\Mercadinho\\backend\\app.js": {"path":"D:\\ferna\\Documents\\Trabalhos\\test n3\\Mercadinho\\backend\\app.js","statementMap":{"0":{"start":{"line":7,"column":12},"end":{"line":7,"column":21}},"1":{"start":{"line":8,"column":0},"end":{"line":8,"column":16}},"2":{"start":{"line":9,"column":0},"end":{"line":9,"column":24}},"3":{"start":{"line":12,"column":21},"end":{"line":25,"column":1}},"4":{"start":{"line":13,"column":2},"end":{"line":24,"column":3}},"5":{"start":{"line":14,"column":25},"end":{"line":14,"column":55}},"6":{"start":{"line":15,"column":4},"end":{"line":21,"column":5}},"7":{"start":{"line":16,"column":6},"end":{"line":16,"column":68}},"8":{"start":{"line":17,"column":6},"end":{"line":17,"column":45}},"9":{"start":{"line":18,"column":6},"end":{"line":18,"column":46}},"10":{"start":{"line":20,"column":6},"end":{"line":20,"column":49}},"11":{"start":{"line":23,"column":4},"end":{"line":23,"column":61}},"12":{"start":{"line":26,"column":0},"end":{"line":26,"column":15}},"13":{"start":{"line":33,"column":0},"end":{"line":33,"column":27}}},"fnMap":{"0":{"name":"(anonymous_0)","decl":{"start":{"line":12,"column":21},"end":{"line":12,"column":22}},"loc":{"start":{"line":12,"column":33},"end":{"line":25,"column":1}},"line":12}},"branchMap":{"0":{"loc":{"start":{"line":15,"column":4},"end":{"line":21,"column":5}},"type":"if","locations":[{"start":{"line":15,"column":4},"end":{"line":21,"column":5}},{"start":{"line":19,"column":11},"end":{"line":21,"column":5}}],"line":15}},"s":{"0":4,"1":4,"2":4,"3":4,"4":4,"5":4,"6":4,"7":4,"8":4,"9":4,"10":0,"11":0,"12":4,"13":4},"f":{"0":4},"b":{"0":[4,0]},"_coverageSchema":"1a1c01bbd47fc00a2c39e90264f33305004495a9","hash":"43289557f5c39a90e35e573e8771d5548468d627"}
,"D:\\ferna\\Documents\\Trabalhos\\test n3\\Mercadinho\\backend\\seed\\mockData.js": {"path":"D:\\ferna\\Documents\\Trabalhos\\test n3\\Mercadinho\\backend\\seed\\mockData.js","statementMap":{"0":{"start":{"line":4,"column":28},"end":{"line":268,"column":1}}},"fnMap":{},"branchMap":{},"s":{"0":4},"f":{},"b":{},"_coverageSchema":"1a1c01bbd47fc00a2c39e90264f33305004495a9","hash":"cf4a500340751009fbcaba8cc0c4a5047e6c8634"}
,"D:\\ferna\\Documents\\Trabalhos\\test n3\\Mercadinho\\backend\\src\\controllers\\categoryController.js": {"path":"D:\\ferna\\Documents\\Trabalhos\\test n3\\Mercadinho\\backend\\src\\controllers\\categoryController.js","statementMap":{"0":{"start":{"line":3,"column":32},"end":{"line":11,"column":1}},"1":{"start":{"line":4,"column":2},"end":{"line":10,"column":3}},"2":{"start":{"line":5,"column":23},"end":{"line":5,"column":44}},"3":{"start":{"line":6,"column":4},"end":{"line":6,"column":25}},"4":{"start":{"line":8,"column":4},"end":{"line":8,"column":23}},"5":{"start":{"line":9,"column":4},"end":{"line":9,"column":67}}},"fnMap":{"0":{"name":"(anonymous_0)","decl":{"start":{"line":3,"column":32},"end":{"line":3,"column":33}},"loc":{"start":{"line":3,"column":52},"end":{"line":11,"column":1}},"line":3}},"branchMap":{},"s":{"0":4,"1":2,"2":2,"3":1,"4":1,"5":1},"f":{"0":2},"b":{},"_coverageSchema":"1a1c01bbd47fc00a2c39e90264f33305004495a9","hash":"62fbf01efdb8208d32353420f2584dc7a8115fb0"}
,"D:\\ferna\\Documents\\Trabalhos\\test n3\\Mercadinho\\backend\\src\\controllers\\orderController.js": {"path":"D:\\ferna\\Documents\\Trabalhos\\test n3\\Mercadinho\\backend\\src\\controllers\\orderController.js","statementMap":{"0":{"start":{"line":6,"column":28},"end":{"line":14,"column":1}},"1":{"start":{"line":7,"column":2},"end":{"line":13,"column":3}},"2":{"start":{"line":8,"column":19},"end":{"line":8,"column":61}},"3":{"start":{"line":9,"column":4},"end":{"line":9,"column":21}},"4":{"start":{"line":11,"column":4},"end":{"line":11,"column":23}},"5":{"start":{"line":12,"column":4},"end":{"line":12,"column":76}},"6":{"start":{"line":17,"column":27},"end":{"line":82,"column":1}},"7":{"start":{"line":18,"column":27},"end":{"line":18,"column":35}},"8":{"start":{"line":20,"column":18},"end":{"line":20,"column":47}},"9":{"start":{"line":21,"column":2},"end":{"line":21,"column":29}},"10":{"start":{"line":23,"column":2},"end":{"line":81,"column":3}},"11":{"start":{"line":25,"column":23},"end":{"line":25,"column":49}},"12":{"start":{"line":25,"column":41},"end":{"line":25,"column":48}},"13":{"start":{"line":26,"column":25},"end":{"line":26,"column":90}},"14":{"start":{"line":28,"column":21},"end":{"line":28,"column":23}},"15":{"start":{"line":29,"column":21},"end":{"line":29,"column":23}},"16":{"start":{"line":31,"column":4},"end":{"line":56,"column":5}},"17":{"start":{"line":32,"column":22},"end":{"line":32,"column":74}},"18":{"start":{"line":32,"column":45},"end":{"line":32,"column":73}},"19":{"start":{"line":34,"column":6},"end":{"line":36,"column":7}},"20":{"start":{"line":35,"column":8},"end":{"line":35,"column":63}},"21":{"start":{"line":37,"column":6},"end":{"line":39,"column":7}},"22":{"start":{"line":38,"column":8},"end":{"line":38,"column":108}},"23":{"start":{"line":42,"column":6},"end":{"line":47,"column":9}},"24":{"start":{"line":50,"column":6},"end":{"line":55,"column":9}},"25":{"start":{"line":59,"column":4},"end":{"line":59,"column":53}},"26":{"start":{"line":62,"column":18},"end":{"line":66,"column":6}},"27":{"start":{"line":67,"column":4},"end":{"line":67,"column":34}},"28":{"start":{"line":70,"column":4},"end":{"line":70,"column":38}},"29":{"start":{"line":71,"column":4},"end":{"line":71,"column":32}},"30":{"start":{"line":75,"column":4},"end":{"line":75,"column":37}},"31":{"start":{"line":76,"column":4},"end":{"line":76,"column":23}},"32":{"start":{"line":77,"column":4},"end":{"line":77,"column":81}},"33":{"start":{"line":80,"column":4},"end":{"line":80,"column":25}}},"fnMap":{"0":{"name":"(anonymous_0)","decl":{"start":{"line":6,"column":28},"end":{"line":6,"column":29}},"loc":{"start":{"line":6,"column":48},"end":{"line":14,"column":1}},"line":6},"1":{"name":"(anonymous_1)","decl":{"start":{"line":17,"column":27},"end":{"line":17,"column":28}},"loc":{"start":{"line":17,"column":47},"end":{"line":82,"column":1}},"line":17},"2":{"name":"(anonymous_2)","decl":{"start":{"line":25,"column":33},"end":{"line":25,"column":34}},"loc":{"start":{"line":25,"column":41},"end":{"line":25,"column":48}},"line":25},"3":{"name":"(anonymous_3)","decl":{"start":{"line":32,"column":40},"end":{"line":32,"column":41}},"loc":{"start":{"line":32,"column":45},"end":{"line":32,"column":73}},"line":32}},"branchMap":{"0":{"loc":{"start":{"line":34,"column":6},"end":{"line":36,"column":7}},"type":"if","locations":[{"start":{"line":34,"column":6},"end":{"line":36,"column":7}},{"start":{},"end":{}}],"line":34},"1":{"loc":{"start":{"line":37,"column":6},"end":{"line":39,"column":7}},"type":"if","locations":[{"start":{"line":37,"column":6},"end":{"line":39,"column":7}},{"start":{},"end":{}}],"line":37},"2":{"loc":{"start":{"line":77,"column":36},"end":{"line":77,"column":77}},"type":"binary-expr","locations":[{"start":{"line":77,"column":36},"end":{"line":77,"column":47}},{"start":{"line":77,"column":51},"end":{"line":77,"column":77}}],"line":77}},"s":{"0":4,"1":1,"2":1,"3":1,"4":0,"5":0,"6":4,"7":2,"8":2,"9":2,"10":2,"11":2,"12":3,"13":2,"14":2,"15":2,"16":2,"17":3,"18":5,"19":3,"20":0,"21":3,"22":1,"23":2,"24":2,"25":1,"26":1,"27":1,"28":1,"29":1,"30":1,"31":1,"32":1,"33":2},"f":{"0":1,"1":2,"2":3,"3":5},"b":{"0":[0,3],"1":[1,2],"2":[1,0]},"_coverageSchema":"1a1c01bbd47fc00a2c39e90264f33305004495a9","hash":"c8f7a23cf0a399ad34bcc3e2ec68113c55b092dd"}
,"D:\\ferna\\Documents\\Trabalhos\\test n3\\Mercadinho\\backend\\src\\controllers\\productController.js": {"path":"D:\\ferna\\Documents\\Trabalhos\\test n3\\Mercadinho\\backend\\src\\controllers\\productController.js","statementMap":{"0":{"start":{"line":6,"column":20},"end":{"line":12,"column":1}},"1":{"start":{"line":7,"column":2},"end":{"line":7,"column":21}},"2":{"start":{"line":8,"column":2},"end":{"line":10,"column":3}},"3":{"start":{"line":9,"column":4},"end":{"line":9,"column":70}},"4":{"start":{"line":11,"column":2},"end":{"line":11,"column":63}},"5":{"start":{"line":15,"column":30},"end":{"line":22,"column":1}},"6":{"start":{"line":16,"column":2},"end":{"line":21,"column":3}},"7":{"start":{"line":17,"column":21},"end":{"line":17,"column":62}},"8":{"start":{"line":18,"column":4},"end":{"line":18,"column":23}},"9":{"start":{"line":20,"column":4},"end":{"line":20,"column":53}},"10":{"start":{"line":25,"column":29},"end":{"line":33,"column":1}},"11":{"start":{"line":26,"column":2},"end":{"line":32,"column":3}},"12":{"start":{"line":27,"column":20},"end":{"line":27,"column":41}},"13":{"start":{"line":28,"column":4},"end":{"line":28,"column":25}},"14":{"start":{"line":29,"column":4},"end":{"line":29,"column":34}},"15":{"start":{"line":31,"column":4},"end":{"line":31,"column":51}},"16":{"start":{"line":36,"column":29},"end":{"line":44,"column":1}},"17":{"start":{"line":37,"column":2},"end":{"line":43,"column":3}},"18":{"start":{"line":38,"column":20},"end":{"line":38,"column":112}},"19":{"start":{"line":39,"column":4},"end":{"line":39,"column":85}},"20":{"start":{"line":39,"column":18},"end":{"line":39,"column":85}},"21":{"start":{"line":40,"column":4},"end":{"line":40,"column":22}},"22":{"start":{"line":42,"column":4},"end":{"line":42,"column":55}},"23":{"start":{"line":47,"column":29},"end":{"line":55,"column":1}},"24":{"start":{"line":48,"column":2},"end":{"line":54,"column":3}},"25":{"start":{"line":49,"column":20},"end":{"line":49,"column":66}},"26":{"start":{"line":50,"column":4},"end":{"line":50,"column":85}},"27":{"start":{"line":50,"column":18},"end":{"line":50,"column":85}},"28":{"start":{"line":51,"column":4},"end":{"line":51,"column":58}},"29":{"start":{"line":53,"column":4},"end":{"line":53,"column":53}}},"fnMap":{"0":{"name":"(anonymous_0)","decl":{"start":{"line":6,"column":20},"end":{"line":6,"column":21}},"loc":{"start":{"line":6,"column":65},"end":{"line":12,"column":1}},"line":6},"1":{"name":"(anonymous_1)","decl":{"start":{"line":15,"column":30},"end":{"line":15,"column":31}},"loc":{"start":{"line":15,"column":50},"end":{"line":22,"column":1}},"line":15},"2":{"name":"(anonymous_2)","decl":{"start":{"line":25,"column":29},"end":{"line":25,"column":30}},"loc":{"start":{"line":25,"column":49},"end":{"line":33,"column":1}},"line":25},"3":{"name":"(anonymous_3)","decl":{"start":{"line":36,"column":29},"end":{"line":36,"column":30}},"loc":{"start":{"line":36,"column":49},"end":{"line":44,"column":1}},"line":36},"4":{"name":"(anonymous_4)","decl":{"start":{"line":47,"column":29},"end":{"line":47,"column":30}},"loc":{"start":{"line":47,"column":49},"end":{"line":55,"column":1}},"line":47}},"branchMap":{"0":{"loc":{"start":{"line":6,"column":31},"end":{"line":6,"column":60}},"type":"default-arg","locations":[{"start":{"line":6,"column":41},"end":{"line":6,"column":60}}],"line":6},"1":{"loc":{"start":{"line":8,"column":2},"end":{"line":10,"column":3}},"type":"if","locations":[{"start":{"line":8,"column":2},"end":{"line":10,"column":3}},{"start":{},"end":{}}],"line":8},"2":{"loc":{"start":{"line":39,"column":4},"end":{"line":39,"column":85}},"type":"if","locations":[{"start":{"line":39,"column":4},"end":{"line":39,"column":85}},{"start":{},"end":{}}],"line":39},"3":{"loc":{"start":{"line":50,"column":4},"end":{"line":50,"column":85}},"type":"if","locations":[{"start":{"line":50,"column":4},"end":{"line":50,"column":85}},{"start":{},"end":{}}],"line":50}},"s":{"0":4,"1":2,"2":2,"3":1,"4":1,"5":4,"6":2,"7":2,"8":1,"9":1,"10":4,"11":2,"12":2,"13":2,"14":1,"15":1,"16":4,"17":2,"18":2,"19":2,"20":1,"21":1,"22":0,"23":4,"24":2,"25":2,"26":2,"27":1,"28":1,"29":0},"f":{"0":2,"1":2,"2":2,"3":2,"4":2},"b":{"0":[0],"1":[1,1],"2":[1,1],"3":[1,1]},"_coverageSchema":"1a1c01bbd47fc00a2c39e90264f33305004495a9","hash":"f3d93d908d7dbf97f4b6fc3bb12ccd36ac68b874"}
,"D:\\ferna\\Documents\\Trabalhos\\test n3\\Mercadinho\\backend\\src\\controllers\\settingsController.js": {"path":"D:\\ferna\\Documents\\Trabalhos\\test n3\\Mercadinho\\backend\\src\\controllers\\settingsController.js","statementMap":{"0":{"start":{"line":2,"column":20},"end":{"line":2,"column":46}},"1":{"start":{"line":5,"column":27},"end":{"line":17,"column":1}},"2":{"start":{"line":6,"column":2},"end":{"line":16,"column":3}},"3":{"start":{"line":8,"column":19},"end":{"line":8,"column":55}},"4":{"start":{"line":9,"column":4},"end":{"line":12,"column":5}},"5":{"start":{"line":10,"column":6},"end":{"line":10,"column":70}},"6":{"start":{"line":11,"column":6},"end":{"line":11,"column":28}},"7":{"start":{"line":13,"column":4},"end":{"line":13,"column":23}},"8":{"start":{"line":15,"column":4},"end":{"line":15,"column":70}},"9":{"start":{"line":20,"column":30},"end":{"line":28,"column":1}},"10":{"start":{"line":21,"column":2},"end":{"line":27,"column":3}},"11":{"start":{"line":23,"column":21},"end":{"line":23,"column":105}},"12":{"start":{"line":24,"column":4},"end":{"line":24,"column":23}},"13":{"start":{"line":26,"column":4},"end":{"line":26,"column":70}}},"fnMap":{"0":{"name":"(anonymous_0)","decl":{"start":{"line":5,"column":27},"end":{"line":5,"column":28}},"loc":{"start":{"line":5,"column":47},"end":{"line":17,"column":1}},"line":5},"1":{"name":"(anonymous_1)","decl":{"start":{"line":20,"column":30},"end":{"line":20,"column":31}},"loc":{"start":{"line":20,"column":50},"end":{"line":28,"column":1}},"line":20}},"branchMap":{"0":{"loc":{"start":{"line":9,"column":4},"end":{"line":12,"column":5}},"type":"if","locations":[{"start":{"line":9,"column":4},"end":{"line":12,"column":5}},{"start":{},"end":{}}],"line":9}},"s":{"0":4,"1":4,"2":2,"3":2,"4":2,"5":1,"6":1,"7":2,"8":0,"9":4,"10":1,"11":1,"12":1,"13":0},"f":{"0":2,"1":1},"b":{"0":[1,1]},"_coverageSchema":"1a1c01bbd47fc00a2c39e90264f33305004495a9","hash":"2d77ca53eee24a1a74afdba4fc8300d1abd03788"}
,"D:\\ferna\\Documents\\Trabalhos\\test n3\\Mercadinho\\backend\\src\\models\\Category.js": {"path":"D:\\ferna\\Documents\\Trabalhos\\test n3\\Mercadinho\\backend\\src\\models\\Category.js","statementMap":{"0":{"start":{"line":2,"column":19},"end":{"line":2,"column":27}},"1":{"start":{"line":4,"column":23},"end":{"line":10,"column":18}},"2":{"start":{"line":12,"column":17},"end":{"line":12,"column":59}}},"fnMap":{},"branchMap":{},"s":{"0":4,"1":4,"2":4},"f":{},"b":{},"_coverageSchema":"1a1c01bbd47fc00a2c39e90264f33305004495a9","hash":"4a53ced0de4f8e2e3d92ed8f13ce3d00a27c82fa"}
,"D:\\ferna\\Documents\\Trabalhos\\test n3\\Mercadinho\\backend\\src\\models\\Order.js": {"path":"D:\\ferna\\Documents\\Trabalhos\\test n3\\Mercadinho\\backend\\src\\models\\Order.js","statementMap":{"0":{"start":{"line":2,"column":19},"end":{"line":2,"column":27}},"1":{"start":{"line":4,"column":24},"end":{"line":9,"column":18}},"2":{"start":{"line":11,"column":20},"end":{"line":17,"column":2}},"3":{"start":{"line":19,"column":14},"end":{"line":19,"column":50}}},"fnMap":{},"branchMap":{},"s":{"0":4,"1":4,"2":4,"3":4},"f":{},"b":{},"_coverageSchema":"1a1c01bbd47fc00a2c39e90264f33305004495a9","hash":"9b22f48cb323a376f6015f99c29ee01a150d6378"}
,"D:\\ferna\\Documents\\Trabalhos\\test n3\\Mercadinho\\backend\\src\\models\\Product.js": {"path":"D:\\ferna\\Documents\\Trabalhos\\test n3\\Mercadinho\\backend\\src\\models\\Product.js","statementMap":{"0":{"start":{"line":3,"column":22},"end":{"line":33,"column":2}},"1":{"start":{"line":36,"column":16},"end":{"line":36,"column":56}}},"fnMap":{},"branchMap":{},"s":{"0":4,"1":4},"f":{},"b":{},"_coverageSchema":"1a1c01bbd47fc00a2c39e90264f33305004495a9","hash":"8fcb4a563ea2377fbc0a6875c0bf284208c71f73"}
,"D:\\ferna\\Documents\\Trabalhos\\test n3\\Mercadinho\\backend\\src\\models\\Settings.js": {"path":"D:\\ferna\\Documents\\Trabalhos\\test n3\\Mercadinho\\backend\\src\\models\\Settings.js","statementMap":{"0":{"start":{"line":2,"column":19},"end":{"line":2,"column":27}},"1":{"start":{"line":4,"column":23},"end":{"line":8,"column":2}},"2":{"start":{"line":10,"column":17},"end":{"line":10,"column":59}}},"fnMap":{},"branchMap":{},"s":{"0":4,"1":4,"2":4},"f":{},"b":{},"_coverageSchema":"1a1c01bbd47fc00a2c39e90264f33305004495a9","hash":"b2de8a488dd85bd2ca8ec297b7156684930af136"}
,"D:\\ferna\\Documents\\Trabalhos\\test n3\\Mercadinho\\backend\\src\\routes\\categoryRoutes.js": {"path":"D:\\ferna\\Documents\\Trabalhos\\test n3\\Mercadinho\\backend\\src\\routes\\categoryRoutes.js","statementMap":{"0":{"start":{"line":2,"column":15},"end":{"line":2,"column":31}},"1":{"start":{"line":6,"column":0},"end":{"line":6,"column":53}}},"fnMap":{},"branchMap":{},"s":{"0":4,"1":4},"f":{},"b":{},"_coverageSchema":"1a1c01bbd47fc00a2c39e90264f33305004495a9","hash":"9603a53a0e6bc5fa53e715953ddc77bb5bf57321"}
,"D:\\ferna\\Documents\\Trabalhos\\test n3\\Mercadinho\\backend\\src\\routes\\index.js": {"path":"D:\\ferna\\Documents\\Trabalhos\\test n3\\Mercadinho\\backend\\src\\routes\\index.js","statementMap":{"0":{"start":{"line":2,"column":15},"end":{"line":2,"column":31}},"1":{"start":{"line":11,"column":0},"end":{"line":11,"column":39}},"2":{"start":{"line":12,"column":0},"end":{"line":12,"column":42}},"3":{"start":{"line":13,"column":0},"end":{"line":13,"column":35}},"4":{"start":{"line":14,"column":0},"end":{"line":14,"column":40}}},"fnMap":{},"branchMap":{},"s":{"0":4,"1":4,"2":4,"3":4,"4":4},"f":{},"b":{},"_coverageSchema":"1a1c01bbd47fc00a2c39e90264f33305004495a9","hash":"b3df9fcaad1748a301dcb795b3bd346f90b2701b"}
,"D:\\ferna\\Documents\\Trabalhos\\test n3\\Mercadinho\\backend\\src\\routes\\orderRoutes.js": {"path":"D:\\ferna\\Documents\\Trabalhos\\test n3\\Mercadinho\\backend\\src\\routes\\orderRoutes.js","statementMap":{"0":{"start":{"line":2,"column":15},"end":{"line":2,"column":31}},"1":{"start":{"line":6,"column":0},"end":{"line":6,"column":46}},"2":{"start":{"line":7,"column":0},"end":{"line":7,"column":46}}},"fnMap":{},"branchMap":{},"s":{"0":4,"1":4,"2":4},"f":{},"b":{},"_coverageSchema":"1a1c01bbd47fc00a2c39e90264f33305004495a9","hash":"9eb5129eaf83374551d6fbdb81edfc4f41d088cd"}
,"D:\\ferna\\Documents\\Trabalhos\\test n3\\Mercadinho\\backend\\src\\routes\\productRoutes.js": {"path":"D:\\ferna\\Documents\\Trabalhos\\test n3\\Mercadinho\\backend\\src\\routes\\productRoutes.js","statementMap":{"0":{"start":{"line":2,"column":15},"end":{"line":2,"column":31}},"1":{"start":{"line":6,"column":0},"end":{"line":6,"column":50}},"2":{"start":{"line":7,"column":0},"end":{"line":7,"column":50}},"3":{"start":{"line":8,"column":0},"end":{"line":8,"column":52}},"4":{"start":{"line":9,"column":0},"end":{"line":9,"column":55}}},"fnMap":{},"branchMap":{},"s":{"0":4,"1":4,"2":4,"3":4,"4":4},"f":{},"b":{},"_coverageSchema":"1a1c01bbd47fc00a2c39e90264f33305004495a9","hash":"1fd162e03019601bb27a754cb8cde34f584d9d12"}
,"D:\\ferna\\Documents\\Trabalhos\\test n3\\Mercadinho\\backend\\src\\routes\\settingsRoutes.js": {"path":"D:\\ferna\\Documents\\Trabalhos\\test n3\\Mercadinho\\backend\\src\\routes\\settingsRoutes.js","statementMap":{"0":{"start":{"line":2,"column":15},"end":{"line":2,"column":31}},"1":{"start":{"line":6,"column":0},"end":{"line":6,"column":48}},"2":{"start":{"line":7,"column":0},"end":{"line":7,"column":51}}},"fnMap":{},"branchMap":{},"s":{"0":4,"1":4,"2":4},"f":{},"b":{},"_coverageSchema":"1a1c01bbd47fc00a2c39e90264f33305004495a9","hash":"ce0ac836bdf09b6a6c015bf03dee0df7b7252f23"}
}
