TN:
SF:app.js
FN:12,(anonymous_0)
FNF:1
FNH:1
FNDA:4,(anonymous_0)
DA:7,4
DA:8,4
DA:9,4
DA:12,4
DA:13,4
DA:14,4
DA:15,4
DA:16,4
DA:17,4
DA:18,4
DA:20,0
DA:23,0
DA:26,4
DA:33,4
LF:14
LH:12
BRDA:15,0,0,4
BRDA:15,0,1,0
BRF:2
BRH:1
end_of_record
TN:
SF:seed\mockData.js
FNF:0
FNH:0
DA:4,4
LF:1
LH:1
BRF:0
BRH:0
end_of_record
TN:
SF:src\controllers\categoryController.js
FN:3,(anonymous_0)
FNF:1
FNH:1
FNDA:2,(anonymous_0)
DA:3,4
DA:4,2
DA:5,2
DA:6,1
DA:8,1
DA:9,1
LF:6
LH:6
BRF:0
BRH:0
end_of_record
TN:
SF:src\controllers\orderController.js
FN:6,(anonymous_0)
FN:17,(anonymous_1)
FN:25,(anonymous_2)
FN:32,(anonymous_3)
FNF:4
FNH:4
FNDA:1,(anonymous_0)
FNDA:2,(anonymous_1)
FNDA:3,(anonymous_2)
FNDA:5,(anonymous_3)
DA:6,4
DA:7,1
DA:8,1
DA:9,1
DA:11,0
DA:12,0
DA:17,4
DA:18,2
DA:20,2
DA:21,2
DA:23,2
DA:25,3
DA:26,2
DA:28,2
DA:29,2
DA:31,2
DA:32,5
DA:34,3
DA:35,0
DA:37,3
DA:38,1
DA:42,2
DA:50,2
DA:59,1
DA:62,1
DA:67,1
DA:70,1
DA:71,1
DA:75,1
DA:76,1
DA:77,1
DA:80,2
LF:32
LH:29
BRDA:34,0,0,0
BRDA:34,0,1,3
BRDA:37,1,0,1
BRDA:37,1,1,2
BRDA:77,2,0,1
BRDA:77,2,1,0
BRF:6
BRH:4
end_of_record
TN:
SF:src\controllers\productController.js
FN:6,(anonymous_0)
FN:15,(anonymous_1)
FN:25,(anonymous_2)
FN:36,(anonymous_3)
FN:47,(anonymous_4)
FNF:5
FNH:2
FNDA:0,(anonymous_0)
FNDA:1,(anonymous_1)
FNDA:1,(anonymous_2)
FNDA:0,(anonymous_3)
FNDA:0,(anonymous_4)
DA:6,4
DA:7,0
DA:8,0
DA:9,0
DA:11,0
DA:15,4
DA:16,1
DA:17,1
DA:18,1
DA:20,0
DA:25,4
DA:26,1
DA:27,1
DA:28,1
DA:29,1
DA:31,0
DA:36,4
DA:37,0
DA:38,0
DA:39,0
DA:40,0
DA:42,0
DA:47,4
DA:48,0
DA:49,0
DA:50,0
DA:51,0
DA:53,0
LF:28
LH:12
BRDA:6,0,0,0
BRDA:8,1,0,0
BRDA:8,1,1,0
BRDA:39,2,0,0
BRDA:39,2,1,0
BRDA:50,3,0,0
BRDA:50,3,1,0
BRF:7
BRH:0
end_of_record
TN:
SF:src\controllers\settingsController.js
FN:5,(anonymous_0)
FN:20,(anonymous_1)
FNF:2
FNH:2
FNDA:2,(anonymous_0)
FNDA:1,(anonymous_1)
DA:2,4
DA:5,4
DA:6,2
DA:8,2
DA:9,2
DA:10,1
DA:11,1
DA:13,2
DA:15,0
DA:20,4
DA:21,1
DA:23,1
DA:24,1
DA:26,0
LF:14
LH:12
BRDA:9,0,0,1
BRDA:9,0,1,1
BRF:2
BRH:2
end_of_record
TN:
SF:src\models\Category.js
FNF:0
FNH:0
DA:2,4
DA:4,4
DA:12,4
LF:3
LH:3
BRF:0
BRH:0
end_of_record
TN:
SF:src\models\Order.js
FNF:0
FNH:0
DA:2,4
DA:4,4
DA:11,4
DA:19,4
LF:4
LH:4
BRF:0
BRH:0
end_of_record
TN:
SF:src\models\Product.js
FNF:0
FNH:0
DA:3,4
DA:36,4
LF:2
LH:2
BRF:0
BRH:0
end_of_record
TN:
SF:src\models\Settings.js
FNF:0
FNH:0
DA:2,4
DA:4,4
DA:10,4
LF:3
LH:3
BRF:0
BRH:0
end_of_record
TN:
SF:src\routes\categoryRoutes.js
FNF:0
FNH:0
DA:2,4
DA:6,4
LF:2
LH:2
BRF:0
BRH:0
end_of_record
TN:
SF:src\routes\index.js
FNF:0
FNH:0
DA:2,4
DA:11,4
DA:12,4
DA:13,4
DA:14,4
LF:5
LH:5
BRF:0
BRH:0
end_of_record
TN:
SF:src\routes\orderRoutes.js
FNF:0
FNH:0
DA:2,4
DA:6,4
DA:7,4
LF:3
LH:3
BRF:0
BRH:0
end_of_record
TN:
SF:src\routes\productRoutes.js
FNF:0
FNH:0
DA:2,4
DA:6,4
DA:7,4
DA:8,4
DA:9,4
LF:5
LH:5
BRF:0
BRH:0
end_of_record
TN:
SF:src\routes\settingsRoutes.js
FNF:0
FNH:0
DA:2,4
DA:6,4
DA:7,4
LF:3
LH:3
BRF:0
BRH:0
end_of_record
